# JRE version: OpenJDK Runtime Environment (25.0.1+8) (build 25.0.1+8-27)
# Java VM: OpenJDK 64-Bit Server VM (25.0.1+8-27, mixed mode, sharing, tiered, compressed oops, compressed class ptrs, g1 gc, windows-amd64)
GC Precious Log:
 CardTable entry size: 512
 Card Set container configuration: InlinePtr #cards 5 size 8 Array Of Cards #cards 10 size 36 Howl #buckets 4 coarsen threshold 1843 Howl Bitmap #cards 512 size 80 coarsen threshold 460 Card regions per heap region 1 cards per card region 2048
 CPUs: 12 total, 12 available
 Memory: 7863M
 Large Page Support: Disabled
 NUMA Support: Disabled
 Compressed Oops: Enabled (32-bit)
 Heap Region Size: 1M
 Heap Min Capacity: 8M
 Heap Initial Capacity: 124M
 Heap Max Capacity: 1966M
 Pre-touch: Disabled
 Parallel Workers: 10
 Concurrent Workers: 3
 Concurrent Refinement Workers: 10
 Periodic GC: Disabled
Heap:
 garbage-first heap   total reserved 2013184K, committed 101376K, used 58189K [0x0000000085200000, 0x0000000100000000)
  region size 1024K, 8 young (8192K), 2 survivors (2048K)
GC Heap Usage History (20 events):
Event: 2184.833 {heap Before GC invocations=34 (full 0):
 garbage-first heap   total reserved 2013184K, committed 101376K, used 94230K [0x0000000085200000, 0x0000000100000000)
  region size 1024K, 37 young (37888K), 3 survivors (3072K)
}
Event: 2184.981 {heap After GC invocations=35 (full 0):
 garbage-first heap   total reserved 2013184K, committed 101376K, used 59263K [0x0000000085200000, 0x0000000100000000)
  region size 1024K, 3 young (3072K), 3 survivors (3072K)
}
Event: 2442.410 {heap Before GC invocations=35 (full 0):
 garbage-first heap   total reserved 2013184K, committed 101376K, used 94079K [0x0000000085200000, 0x0000000100000000)
  region size 1024K, 37 young (37888K), 3 survivors (3072K)
}
Event: 2442.534 {heap After GC invocations=36 (full 0):
 garbage-first heap   total reserved 2013184K, committed 101376K, used 59112K [0x0000000085200000, 0x0000000100000000)
  region size 1024K, 3 young (3072K), 3 survivors (3072K)
}
Event: 2818.238 {heap Before GC invocations=36 (full 0):
 garbage-first heap   total reserved 2013184K, committed 101376K, used 93928K [0x0000000085200000, 0x0000000100000000)
  region size 1024K, 37 young (37888K), 3 survivors (3072K)
}
Event: 2818.458 {heap After GC invocations=37 (full 0):
 garbage-first heap   total reserved 2013184K, committed 101376K, used 59128K [0x0000000085200000, 0x0000000100000000)
  region size 1024K, 3 young (3072K), 3 survivors (3072K)
}
Event: 3157.789 {heap Before GC invocations=38 (full 0):
 garbage-first heap   total reserved 2013184K, committed 101376K, used 93944K [0x0000000085200000, 0x0000000100000000)
  region size 1024K, 37 young (37888K), 3 survivors (3072K)
}
Event: 3157.911 {heap After GC invocations=39 (full 0):
 garbage-first heap   total reserved 2013184K, committed 101376K, used 58670K [0x0000000085200000, 0x0000000100000000)
  region size 1024K, 3 young (3072K), 3 survivors (3072K)
}
Event: 3362.516 {heap Before GC invocations=39 (full 0):
 garbage-first heap   total reserved 2013184K, committed 101376K, used 92462K [0x0000000085200000, 0x0000000100000000)
  region size 1024K, 37 young (37888K), 3 survivors (3072K)
}
Event: 3362.590 {heap After GC invocations=40 (full 0):
 garbage-first heap   total reserved 2013184K, committed 101376K, used 56789K [0x0000000085200000, 0x0000000100000000)
  region size 1024K, 3 young (3072K), 3 survivors (3072K)
}
Event: 3362.821 {heap Before GC invocations=40 (full 0):
 garbage-first heap   total reserved 2013184K, committed 101376K, used 57813K [0x0000000085200000, 0x0000000100000000)
  region size 1024K, 4 young (4096K), 3 survivors (3072K)
}
Event: 3362.880 {heap After GC invocations=41 (full 0):
 garbage-first heap   total reserved 2013184K, committed 101376K, used 55161K [0x0000000085200000, 0x0000000100000000)
  region size 1024K, 1 young (1024K), 1 survivors (1024K)
}
Event: 3621.000 {heap Before GC invocations=41 (full 0):
 garbage-first heap   total reserved 2013184K, committed 101376K, used 93049K [0x0000000085200000, 0x0000000100000000)
  region size 1024K, 39 young (39936K), 1 survivors (1024K)
}
Event: 3621.150 {heap After GC invocations=42 (full 0):
 garbage-first heap   total reserved 2013184K, committed 101376K, used 53581K [0x0000000085200000, 0x0000000100000000)
  region size 1024K, 1 young (1024K), 1 survivors (1024K)
}
Event: 3924.437 {heap Before GC invocations=42 (full 0):
 garbage-first heap   total reserved 2013184K, committed 101376K, used 94541K [0x0000000085200000, 0x0000000100000000)
  region size 1024K, 41 young (41984K), 1 survivors (1024K)
}
Event: 3924.750 {heap After GC invocations=43 (full 0):
 garbage-first heap   total reserved 2013184K, committed 101376K, used 52455K [0x0000000085200000, 0x0000000100000000)
  region size 1024K, 1 young (1024K), 1 survivors (1024K)
}
Event: 4259.048 {heap Before GC invocations=43 (full 0):
 garbage-first heap   total reserved 2013184K, committed 101376K, used 94439K [0x0000000085200000, 0x0000000100000000)
  region size 1024K, 42 young (43008K), 1 survivors (1024K)
}
Event: 4259.261 {heap After GC invocations=44 (full 0):
 garbage-first heap   total reserved 2013184K, committed 101376K, used 52383K [0x0000000085200000, 0x0000000100000000)
  region size 1024K, 1 young (1024K), 1 survivors (1024K)
}
Event: 5082.005 {heap Before GC invocations=45 (full 0):
 garbage-first heap   total reserved 2013184K, committed 101376K, used 93343K [0x0000000085200000, 0x0000000100000000)
  region size 1024K, 42 young (43008K), 1 survivors (1024K)
}
Event: 5082.060 {heap After GC invocations=46 (full 0):
 garbage-first heap   total reserved 2013184K, committed 101376K, used 53069K [0x0000000085200000, 0x0000000100000000)
  region size 1024K, 2 young (2048K), 2 survivors (2048K)
}

