# JRE version: OpenJDK Runtime Environment (25.0.1+8) (build 25.0.1+8-27)
# Java VM: OpenJDK 64-Bit Server VM (25.0.1+8-27, mixed mode, sharing, tiered, compressed oops, compressed class ptrs, g1 gc, windows-amd64)
GC Precious Log:
 CardTable entry size: 512
 Card Set container configuration: InlinePtr #cards 5 size 8 Array Of Cards #cards 10 size 36 Howl #buckets 4 coarsen threshold 1843 Howl Bitmap #cards 512 size 80 coarsen threshold 460 Card regions per heap region 1 cards per card region 2048
 CPUs: 12 total, 12 available
 Memory: 7863M
 Large Page Support: Disabled
 NUMA Support: Disabled
 Compressed Oops: Enabled (32-bit)
 Heap Region Size: 1M
 Heap Min Capacity: 8M
 Heap Initial Capacity: 124M
 Heap Max Capacity: 1966M
 Pre-touch: Disabled
 Parallel Workers: 10
 Concurrent Workers: 3
 Concurrent Refinement Workers: 10
 Periodic GC: Disabled
Heap:
 garbage-first heap   total reserved 2013184K, committed 91136K, used 66243K [0x0000000085200000, 0x0000000100000000)
  region size 1024K, 15 young (15360K), 3 survivors (3072K)
GC Heap Usage History (20 events):
Event: 14.270 {heap Before GC invocations=9 (full 0):
 garbage-first heap   total reserved 2013184K, committed 86016K, used 71396K [0x0000000085200000, 0x0000000100000000)
  region size 1024K, 41 young (41984K), 6 survivors (6144K)
}
Event: 14.277 {heap After GC invocations=10 (full 0):
 garbage-first heap   total reserved 2013184K, committed 86016K, used 37436K [0x0000000085200000, 0x0000000100000000)
  region size 1024K, 3 young (3072K), 3 survivors (3072K)
}
Event: 18.495 {heap Before GC invocations=10 (full 0):
 garbage-first heap   total reserved 2013184K, committed 86016K, used 73276K [0x0000000085200000, 0x0000000100000000)
  region size 1024K, 38 young (38912K), 3 survivors (3072K)
}
Event: 18.503 {heap After GC invocations=11 (full 0):
 garbage-first heap   total reserved 2013184K, committed 86016K, used 40560K [0x0000000085200000, 0x0000000100000000)
  region size 1024K, 5 young (5120K), 5 survivors (5120K)
}
Event: 19.440 {heap Before GC invocations=11 (full 0):
 garbage-first heap   total reserved 2013184K, committed 86016K, used 61040K [0x0000000085200000, 0x0000000100000000)
  region size 1024K, 26 young (26624K), 5 survivors (5120K)
}
Event: 19.446 {heap After GC invocations=12 (full 0):
 garbage-first heap   total reserved 2013184K, committed 86016K, used 42365K [0x0000000085200000, 0x0000000100000000)
  region size 1024K, 2 young (2048K), 2 survivors (2048K)
}
Event: 21.260 {heap Before GC invocations=13 (full 0):
 garbage-first heap   total reserved 2013184K, committed 86016K, used 74109K [0x0000000085200000, 0x0000000100000000)
  region size 1024K, 34 young (34816K), 2 survivors (2048K)
}
Event: 21.265 {heap After GC invocations=14 (full 0):
 garbage-first heap   total reserved 2013184K, committed 86016K, used 43663K [0x0000000085200000, 0x0000000100000000)
  region size 1024K, 3 young (3072K), 3 survivors (3072K)
}
Event: 22.064 {heap Before GC invocations=14 (full 0):
 garbage-first heap   total reserved 2013184K, committed 86016K, used 76431K [0x0000000085200000, 0x0000000100000000)
  region size 1024K, 35 young (35840K), 3 survivors (3072K)
}
Event: 22.070 {heap After GC invocations=15 (full 0):
 garbage-first heap   total reserved 2013184K, committed 86016K, used 45959K [0x0000000085200000, 0x0000000100000000)
  region size 1024K, 5 young (5120K), 5 survivors (5120K)
}
Event: 22.788 {heap Before GC invocations=15 (full 0):
 garbage-first heap   total reserved 2013184K, committed 86016K, used 76679K [0x0000000085200000, 0x0000000100000000)
  region size 1024K, 35 young (35840K), 5 survivors (5120K)
}
Event: 22.794 {heap After GC invocations=16 (full 0):
 garbage-first heap   total reserved 2013184K, committed 86016K, used 47783K [0x0000000085200000, 0x0000000100000000)
  region size 1024K, 3 young (3072K), 3 survivors (3072K)
}
Event: 23.409 {heap Before GC invocations=17 (full 0):
 garbage-first heap   total reserved 2013184K, committed 86016K, used 77479K [0x0000000085200000, 0x0000000100000000)
  region size 1024K, 32 young (32768K), 3 survivors (3072K)
}
Event: 23.414 {heap After GC invocations=18 (full 0):
 garbage-first heap   total reserved 2013184K, committed 86016K, used 49229K [0x0000000085200000, 0x0000000100000000)
  region size 1024K, 4 young (4096K), 4 survivors (4096K)
}
Event: 23.994 {heap Before GC invocations=18 (full 0):
 garbage-first heap   total reserved 2013184K, committed 86016K, used 78925K [0x0000000085200000, 0x0000000100000000)
  region size 1024K, 33 young (33792K), 4 survivors (4096K)
}
Event: 24.000 {heap After GC invocations=19 (full 0):
 garbage-first heap   total reserved 2013184K, committed 87040K, used 50652K [0x0000000085200000, 0x0000000100000000)
  region size 1024K, 4 young (4096K), 4 survivors (4096K)
}
Event: 24.737 {heap Before GC invocations=19 (full 0):
 garbage-first heap   total reserved 2013184K, committed 87040K, used 79324K [0x0000000085200000, 0x0000000100000000)
  region size 1024K, 33 young (33792K), 4 survivors (4096K)
}
Event: 24.744 {heap After GC invocations=20 (full 0):
 garbage-first heap   total reserved 2013184K, committed 88064K, used 53622K [0x0000000085200000, 0x0000000100000000)
  region size 1024K, 5 young (5120K), 5 survivors (5120K)
}
Event: 55.742 {heap Before GC invocations=21 (full 0):
 garbage-first heap   total reserved 2013184K, committed 91136K, used 80246K [0x0000000085200000, 0x0000000100000000)
  region size 1024K, 31 young (31744K), 5 survivors (5120K)
}
Event: 55.762 {heap After GC invocations=22 (full 0):
 garbage-first heap   total reserved 2013184K, committed 91136K, used 56003K [0x0000000085200000, 0x0000000100000000)
  region size 1024K, 3 young (3072K), 3 survivors (3072K)
}

