# JRE version: OpenJDK Runtime Environment (25.0.1+8) (build 25.0.1+8-27)
# Java VM: OpenJDK 64-Bit Server VM (25.0.1+8-27, mixed mode, sharing, tiered, compressed oops, compressed class ptrs, g1 gc, windows-amd64)
GC Precious Log:
 CardTable entry size: 512
 Card Set container configuration: InlinePtr #cards 5 size 8 Array Of Cards #cards 10 size 36 Howl #buckets 4 coarsen threshold 1843 Howl Bitmap #cards 512 size 80 coarsen threshold 460 Card regions per heap region 1 cards per card region 2048
 CPUs: 12 total, 12 available
 Memory: 7863M
 Large Page Support: Disabled
 NUMA Support: Disabled
 Compressed Oops: Enabled (32-bit)
 Heap Region Size: 1M
 Heap Min Capacity: 8M
 Heap Initial Capacity: 124M
 Heap Max Capacity: 1966M
 Pre-touch: Disabled
 Parallel Workers: 10
 Concurrent Workers: 3
 Concurrent Refinement Workers: 10
 Periodic GC: Disabled
Heap:
 garbage-first heap   total reserved 2013184K, committed 91136K, used 78650K [0x0000000085200000, 0x0000000100000000)
  region size 1024K, 28 young (28672K), 4 survivors (4096K)
GC Heap Usage History (20 events):
Event: 10.694 {heap Before GC invocations=9 (full 0):
 garbage-first heap   total reserved 2013184K, committed 84992K, used 76280K [0x0000000085200000, 0x0000000100000000)
  region size 1024K, 41 young (41984K), 5 survivors (5120K)
}
Event: 10.704 {heap After GC invocations=10 (full 0):
 garbage-first heap   total reserved 2013184K, committed 87040K, used 37283K [0x0000000085200000, 0x0000000100000000)
  region size 1024K, 5 young (5120K), 5 survivors (5120K)
}
Event: 12.345 {heap Before GC invocations=10 (full 0):
 garbage-first heap   total reserved 2013184K, committed 87040K, used 73123K [0x0000000085200000, 0x0000000100000000)
  region size 1024K, 40 young (40960K), 5 survivors (5120K)
}
Event: 12.352 {heap After GC invocations=11 (full 0):
 garbage-first heap   total reserved 2013184K, committed 87040K, used 39439K [0x0000000085200000, 0x0000000100000000)
  region size 1024K, 3 young (3072K), 3 survivors (3072K)
}
Event: 13.715 {heap Before GC invocations=11 (full 0):
 garbage-first heap   total reserved 2013184K, committed 87040K, used 67087K [0x0000000085200000, 0x0000000100000000)
  region size 1024K, 31 young (31744K), 3 survivors (3072K)
}
Event: 13.721 {heap After GC invocations=12 (full 0):
 garbage-first heap   total reserved 2013184K, committed 87040K, used 42137K [0x0000000085200000, 0x0000000100000000)
  region size 1024K, 5 young (5120K), 5 survivors (5120K)
}
Event: 14.962 {heap Before GC invocations=13 (full 0):
 garbage-first heap   total reserved 2013184K, committed 87040K, used 74905K [0x0000000085200000, 0x0000000100000000)
  region size 1024K, 38 young (38912K), 5 survivors (5120K)
}
Event: 14.967 {heap After GC invocations=14 (full 0):
 garbage-first heap   total reserved 2013184K, committed 87040K, used 44071K [0x0000000085200000, 0x0000000100000000)
  region size 1024K, 2 young (2048K), 2 survivors (2048K)
}
Event: 16.141 {heap Before GC invocations=14 (full 0):
 garbage-first heap   total reserved 2013184K, committed 87040K, used 76839K [0x0000000085200000, 0x0000000100000000)
  region size 1024K, 34 young (34816K), 2 survivors (2048K)
}
Event: 16.146 {heap After GC invocations=15 (full 0):
 garbage-first heap   total reserved 2013184K, committed 87040K, used 46143K [0x0000000085200000, 0x0000000100000000)
  region size 1024K, 5 young (5120K), 5 survivors (5120K)
}
Event: 17.139 {heap Before GC invocations=15 (full 0):
 garbage-first heap   total reserved 2013184K, committed 87040K, used 77887K [0x0000000085200000, 0x0000000100000000)
  region size 1024K, 36 young (36864K), 5 survivors (5120K)
}
Event: 17.147 {heap After GC invocations=16 (full 0):
 garbage-first heap   total reserved 2013184K, committed 87040K, used 48275K [0x0000000085200000, 0x0000000100000000)
  region size 1024K, 5 young (5120K), 5 survivors (5120K)
}
Event: 18.006 {heap Before GC invocations=17 (full 0):
 garbage-first heap   total reserved 2013184K, committed 87040K, used 78995K [0x0000000085200000, 0x0000000100000000)
  region size 1024K, 35 young (35840K), 5 survivors (5120K)
}
Event: 18.012 {heap After GC invocations=18 (full 0):
 garbage-first heap   total reserved 2013184K, committed 87040K, used 50320K [0x0000000085200000, 0x0000000100000000)
  region size 1024K, 5 young (5120K), 5 survivors (5120K)
}
Event: 18.813 {heap Before GC invocations=18 (full 0):
 garbage-first heap   total reserved 2013184K, committed 87040K, used 78992K [0x0000000085200000, 0x0000000100000000)
  region size 1024K, 33 young (33792K), 5 survivors (5120K)
}
Event: 18.820 {heap After GC invocations=19 (full 0):
 garbage-first heap   total reserved 2013184K, committed 87040K, used 50908K [0x0000000085200000, 0x0000000100000000)
  region size 1024K, 4 young (4096K), 4 survivors (4096K)
}
Event: 19.516 {heap Before GC invocations=19 (full 0):
 garbage-first heap   total reserved 2013184K, committed 87040K, used 79580K [0x0000000085200000, 0x0000000100000000)
  region size 1024K, 33 young (33792K), 4 survivors (4096K)
}
Event: 19.521 {heap After GC invocations=20 (full 0):
 garbage-first heap   total reserved 2013184K, committed 88064K, used 52875K [0x0000000085200000, 0x0000000100000000)
  region size 1024K, 5 young (5120K), 5 survivors (5120K)
}
Event: 20.346 {heap Before GC invocations=21 (full 0):
 garbage-first heap   total reserved 2013184K, committed 91136K, used 79499K [0x0000000085200000, 0x0000000100000000)
  region size 1024K, 32 young (32768K), 5 survivors (5120K)
}
Event: 20.352 {heap After GC invocations=22 (full 0):
 garbage-first heap   total reserved 2013184K, committed 91136K, used 56122K [0x0000000085200000, 0x0000000100000000)
  region size 1024K, 4 young (4096K), 4 survivors (4096K)
}

